node:events:492
      throw er; // Unhandled '✅ New checkout received: {
  fullName: 'stephen kamunyu',
  email: 'mainakamunyu@gmail.com',
  phone: '+254722761212',
  address: 'Avenue de la Paix\n19',
  cart_summary: '3 kW Solar System (x1) - Deposit: KES 150000',
  timestamp: '2025-07-24T09:41:01.273Z'
}
❌ Failed to fetch items: [Error: select `items`.`name`, `items`.`sku`, `items`.`description`, `items`.`price`, `items`.`stock`, `categories`.`name` as `category_name`, `categories`.`image_path` from `items` inner join `categories` on `items`.`category_id` = `categories`.`id` - SQLITE_ERROR: no such column: items.stock] {
  errno: 1,
  code: 'SQLITE_ERROR'
}
❌ Failed to fetch items: [Error: select `items`.`name`, `items`.`sku`, `items`.`description`, `items`.`price`, `items`.`stock`, `categories`.`name` as `category_name`, `categories`.`image_path` from `items` inner join `categories` on `items`.`category_id` = `categories`.`id` - SQLITE_ERROR: no such column: items.stock] {
  errno: 1,
  code: 'SQLITE_ERROR'
}
❌ Failed to fetch items: [Error: select `items`.`name`, `items`.`sku`, `items`.`description`, `items`.`price`, `items`.`stock`, `categories`.`name` as `category_name`, `categories`.`image_path` from `items` inner join `categories` on `items`.`category_id` = `categories`.`id` - SQLITE_ERROR: no such column: items.stock] {
  errno: 1,
  code: 'SQLITE_ERROR'
}
❌ Failed to fetch items: [Error: select `items`.`name`, `items`.`sku`, `items`.`description`, `items`.`price`, `items`.`stock`, `categories`.`name` as `category_name`, `categories`.`image_path` from `items` inner join `categories` on `items`.`category_id` = `categories`.`id` - SQLITE_ERROR: no such column: items.stock] {
  errno: 1,
  code: 'SQLITE_ERROR'
}
❌ Failed to fetch items: [Error: select `items`.`name`, `items`.`sku`, `items`.`description`, `items`.`price`, `items`.`stock`, `categories`.`name` as `category_name`, `categories`.`image_path` from `items` inner join `categories` on `items`.`category_id` = `categories`.`id` - SQLITE_ERROR: no such column: items.stock] {
  errno: 1,
  code: 'SQLITE_ERROR'
}
