📂 Using DB path: /volume1/web/wattsun/inventory.db
node:events:492
      throw er; // Unhandled 'error' event
      ^

Error: listen EADDRINUSE: address already in use :::3001
    at Server.setupListenHandle [as _listen2] (node:net:1872:16)
    at listenInCluster (node:net:1920:12)
    at Server.listen (node:net:2008:7)
    at Object.<anonymous> (/volume1/web/wattsun/server.js:343:24)
    at Module._compile (node:internal/modules/cjs/loader:1241:14)
    at Module._extensions..js (node:internal/modules/cjs/loader:1295:10)
    at Module.load (node:internal/modules/cjs/loader:1091:32)
    at Module._load (node:internal/modules/cjs/loader:938:12)
    at Function.executeUserEntryPoint [as runMain] (node:internal/modules/run_main:83:12)
    at node:internal/main/run_main_module:23:47
Emitted 'error' event on Server instance at:
    at emitErrorNT (node:net:1899:8)
    at process.processTicksAndRejections (node:internal/process/task_queues:82:21) {
  code: 'EADDRINUSE',
  errno: -98,
  syscall: 'listen',
  address: '::',
  port: 3001
}

Node.js v20.9.0
